0 info it worked if it ends with ok
1 verbose cli [ '/usr/local/bin/node', '/usr/local/bin/npm', 'publish' ]
2 info using npm@3.8.3
3 info using node@v5.10.1
4 verbose publish [ '.' ]
5 silly cache add args [ '.', null ]
6 verbose cache add spec .
7 silly cache add parsed spec Result {
7 silly cache add   raw: '.',
7 silly cache add   scope: null,
7 silly cache add   name: null,
7 silly cache add   rawSpec: '.',
7 silly cache add   spec: '/Users/nearlydeadhipo/Dropbox/NODE.JS Workspace/vk-api-help',
7 silly cache add   type: 'directory' }
8 verbose addLocalDirectory /Users/nearlydeadhipo/.npm/vk-api-help/1.0.0/package.tgz not in flight; packing
9 verbose correctMkdir /Users/nearlydeadhipo/.npm correctMkdir not in flight; initializing
10 info lifecycle vk-api-help@1.0.0~prepublish: vk-api-help@1.0.0
11 silly lifecycle vk-api-help@1.0.0~prepublish: no script for prepublish, continuing
12 verbose tar pack [ '/Users/nearlydeadhipo/.npm/vk-api-help/1.0.0/package.tgz',
12 verbose tar pack   '/Users/nearlydeadhipo/Dropbox/NODE.JS Workspace/vk-api-help' ]
13 verbose tarball /Users/nearlydeadhipo/.npm/vk-api-help/1.0.0/package.tgz
14 verbose folder /Users/nearlydeadhipo/Dropbox/NODE.JS Workspace/vk-api-help
15 verbose addLocalTarball adding from inside cache /Users/nearlydeadhipo/.npm/vk-api-help/1.0.0/package.tgz
16 verbose correctMkdir /Users/nearlydeadhipo/.npm correctMkdir not in flight; initializing
17 silly cache afterAdd vk-api-help@1.0.0
18 verbose afterAdd /Users/nearlydeadhipo/.npm/vk-api-help/1.0.0/package/package.json not in flight; writing
19 verbose correctMkdir /Users/nearlydeadhipo/.npm correctMkdir not in flight; initializing
20 verbose afterAdd /Users/nearlydeadhipo/.npm/vk-api-help/1.0.0/package/package.json written
21 silly publish { name: 'vk-api-help',
21 silly publish   version: '1.0.0',
21 silly publish   description: 'Easily work with vk api methods with promise',
21 silly publish   main: 'index.js',
21 silly publish   scripts: { test: 'echo "Error: no test specified" && exit 1' },
21 silly publish   author: { name: 'nearlydeadhipo' },
21 silly publish   license: 'ISC',
21 silly publish   dependencies: { bluebird: '^3.4.3', 'request-promise': '^4.1.1' },
21 silly publish   readme: '##Start\n```sh\nnpm install vk-api-help\n```\n\n##Get started\n```js\nvar VK = require(\'vk_api\');\n\n//Request to any VK api method\nvar vkRequest = new VK.VkRequest(USER_TOKEN);\nvkRequest.method(\'audio.get\', { owner_id: USER_ID, count: COUNT, offset: OFFSET })\n.then(function(json) {\n\tconsole.log(json);\n})\n.catch(function(error) {\n\tconsole.log(error);\n});\n\n//Reqeust to VK api for get access token by user code\nvar vkToken = new VK.VkToken(CLIENT_ID, CLIENT_SECRET);\nvkToken.getTokenFromCode(USER_CODE)\n.then(function(json) {\n\tconsole.log(json);\n})\n.catch(function(error) {\n\tconsole.log(error);\n});\n```',
21 silly publish   readmeFilename: 'README.md',
21 silly publish   gitHead: '56f970b60869fbd84b6756a0cbefb40dad2139c8',
21 silly publish   _id: 'vk-api-help@1.0.0',
21 silly publish   _shasum: 'b8b6952a0dad95a6861ca3179b59902f18bef224',
21 silly publish   _from: '.' }
22 verbose getPublishConfig undefined
23 silly mapToRegistry name vk-api-help
24 silly mapToRegistry using default registry
25 silly mapToRegistry registry https://registry.npmjs.org/
26 silly mapToRegistry data Result {
26 silly mapToRegistry   raw: 'vk-api-help',
26 silly mapToRegistry   scope: null,
26 silly mapToRegistry   name: 'vk-api-help',
26 silly mapToRegistry   rawSpec: '',
26 silly mapToRegistry   spec: 'latest',
26 silly mapToRegistry   type: 'tag' }
27 silly mapToRegistry uri https://registry.npmjs.org/vk-api-help
28 verbose publish registryBase https://registry.npmjs.org/
29 silly publish uploading /Users/nearlydeadhipo/.npm/vk-api-help/1.0.0/package.tgz
30 verbose request uri https://registry.npmjs.org/vk-api-help
31 verbose request sending authorization for write operation
32 info attempt registry request try #1 at 22:59:47
33 verbose request using bearer token for auth
34 verbose request id f651f78c15101d84
35 http request PUT https://registry.npmjs.org/vk-api-help
36 http 403 https://registry.npmjs.org/vk-api-help
37 verbose headers { 'content-type': 'application/json',
37 verbose headers   'cache-control': 'max-age=300',
37 verbose headers   'content-length': '95',
37 verbose headers   'accept-ranges': 'bytes',
37 verbose headers   date: 'Mon, 29 Aug 2016 19:59:49 GMT',
37 verbose headers   via: '1.1 varnish',
37 verbose headers   connection: 'keep-alive',
37 verbose headers   'x-served-by': 'cache-ams4424-AMS',
37 verbose headers   'x-cache': 'MISS',
37 verbose headers   'x-cache-hits': '0',
37 verbose headers   'x-timer': 'S1472500788.244263,VS0,VE837',
37 verbose headers   vary: 'Accept-Encoding' }
38 verbose request invalidating /Users/nearlydeadhipo/.npm/registry.npmjs.org/vk-api-help on PUT
39 error publish Failed PUT 403
40 verbose stack Error: "You cannot publish over the previously published version 1.0.0." : vk-api-help
40 verbose stack     at makeError (/usr/local/lib/node_modules/npm/node_modules/npm-registry-client/lib/request.js:264:12)
40 verbose stack     at CachingRegistryClient.<anonymous> (/usr/local/lib/node_modules/npm/node_modules/npm-registry-client/lib/request.js:252:14)
40 verbose stack     at Request._callback (/usr/local/lib/node_modules/npm/node_modules/npm-registry-client/lib/request.js:172:14)
40 verbose stack     at Request.self.callback (/usr/local/lib/node_modules/npm/node_modules/request/request.js:199:22)
40 verbose stack     at emitTwo (events.js:100:13)
40 verbose stack     at Request.emit (events.js:185:7)
40 verbose stack     at Request.<anonymous> (/usr/local/lib/node_modules/npm/node_modules/request/request.js:1036:10)
40 verbose stack     at emitOne (events.js:95:20)
40 verbose stack     at Request.emit (events.js:182:7)
40 verbose stack     at IncomingMessage.<anonymous> (/usr/local/lib/node_modules/npm/node_modules/request/request.js:963:12)
41 verbose statusCode 403
42 verbose pkgid vk-api-help
43 verbose cwd /Users/nearlydeadhipo/Dropbox/NODE.JS Workspace/vk-api-help
44 error Darwin 15.6.0
45 error argv "/usr/local/bin/node" "/usr/local/bin/npm" "publish"
46 error node v5.10.1
47 error npm  v3.8.3
48 error code E403
49 error "You cannot publish over the previously published version 1.0.0." : vk-api-help
50 error If you need help, you may report this error at:
50 error     <https://github.com/npm/npm/issues>
51 verbose exit [ 1, true ]
